<?xml version="1.0" encoding="UTF-8"?>
<robot generator="Robot 4.0.3 (Python 3.9.5 on win32)" generated="20211126 09:12:31.856" rpa="false" schemaversion="2">
<suite id="s1" name="Web" source="C:\Robot_Framework\E-commerce\tests\Web.robot">
<test id="s1-t1" name="Finish Order Success">
<kw name="Begin Web Test" library="Common" type="SETUP">
<kw name="New Browser" library="Browser">
<arg>${BROWSER_CHROMIUM}</arg>
<arg>headless=false</arg>
<arg>slowMo=1</arg>
<tag>BrowserControl</tag>
<tag>Setter</tag>
<doc>Create a new playwright Browser with specified options.
See `Browser, Context and Page` for more information about Browser and related concepts.</doc>
<msg timestamp="20211126 09:12:32.813" level="INFO">{"browser": "chromium", "headless": false, "handleSIGINT": true, "handleSIGTERM": true, "handleSIGHUP": true, "timeout": 30000.0, "devtools": false, "slowMo": 1000.0, "tracesDir": "C:\\Robot_Framework\\E-commerce\\results\\browser\\traces\\70097040-81aa-4160-a040-20ae2cf57eb7"}</msg>
<msg timestamp="20211126 09:12:33.676" level="INFO">Successfully created browser with options: {"browser":"chromium","headless":false,"handleSIGINT":true,"handleSIGTERM":true,"handleSIGHUP":true,"timeout":30000,"devtools":false,"slowMo":1000,"tracesDir":"C:\\Robot_Framework\\E-commerce\\results\\browser\\traces\\70097040-81aa-4160-a040-20ae2cf57eb7"}</msg>
<status status="PASS" starttime="20211126 09:12:32.811" endtime="20211126 09:12:33.677"/>
</kw>
<kw name="New Context" library="Browser">
<arg>viewport={'width': 1366, 'height': 768}</arg>
<tag>BrowserControl</tag>
<tag>Setter</tag>
<doc>Create a new BrowserContext with specified options.
See `Browser, Context and Page` for more information about BrowserContext.</doc>
<msg timestamp="20211126 09:12:33.679" level="INFO">{"acceptDownloads": false, "ignoreHTTPSErrors": false, "bypassCSP": false, "viewport": {"height": 768, "width": 1366}, "deviceScaleFactor": 1.0, "isMobile": false, "hasTouch": false, "javaScriptEnabled": true, "offline": false, "hideRfBrowser": false}</msg>
<msg timestamp="20211126 09:12:33.700" level="INFO">Successfully created context. </msg>
<msg timestamp="20211126 09:12:33.700" level="INFO">{'acceptDownloads': False, 'ignoreHTTPSErrors': False, 'bypassCSP': False, 'viewport': {'height': 768, 'width': 1366}, 'deviceScaleFactor': 1, 'isMobile': False, 'hasTouch': False, 'javaScriptEnabled': True, 'offline': False, 'hideRfBrowser': False}</msg>
<msg timestamp="20211126 09:12:33.700" level="INFO">{"acceptDownloads":false,"ignoreHTTPSErrors":false,"bypassCSP":false,"viewport":{"height":768,"width":1366},"deviceScaleFactor":1,"isMobile":false,"hasTouch":false,"javaScriptEnabled":true,"offline":false,"hideRfBrowser":false}</msg>
<status status="PASS" starttime="20211126 09:12:33.677" endtime="20211126 09:12:33.700"/>
</kw>
<kw name="New Page" library="Browser">
<arg>${LOGIN URL}</arg>
<tag>BrowserControl</tag>
<tag>Setter</tag>
<doc>Open a new Page. A Page is the Playwright equivalent to a tab.
See `Browser, Context and Page` for more information about Page concept.
Returns a stable identifier for the created page.</doc>
<msg timestamp="20211126 09:12:35.177" level="INFO">Successfully initialized new page object and opened url: https://www.saucedemo.com/</msg>
<status status="PASS" starttime="20211126 09:12:33.700" endtime="20211126 09:12:35.178"/>
</kw>
<kw name="Wait For Elements State" library="Browser">
<arg>css=div[class='bot_column']</arg>
<arg>visible</arg>
<arg>10</arg>
<tag>PageContent</tag>
<tag>Wait</tag>
<doc>Waits for the element found by ``selector`` to satisfy state option.</doc>
<msg timestamp="20211126 09:12:35.257" level="INFO">Wait for Element with selector: css=div[class='bot_column']</msg>
<status status="PASS" starttime="20211126 09:12:35.178" endtime="20211126 09:12:35.257"/>
</kw>
<status status="PASS" starttime="20211126 09:12:32.810" endtime="20211126 09:12:35.258"/>
</kw>
<kw name="Login Success" library="Login">
<arg>&amp;{USER VALID}</arg>
<kw name="Enter username and Password" library="Login">
<arg>&amp;{USER VALID}</arg>
<kw name="Wait For Elements State" library="Browser">
<arg>${company_logo}</arg>
<arg>visible</arg>
<tag>PageContent</tag>
<tag>Wait</tag>
<doc>Waits for the element found by ``selector`` to satisfy state option.</doc>
<msg timestamp="20211126 09:12:35.282" level="INFO">Wait for Element with selector: xpath=//*[@class='login_logo']</msg>
<status status="PASS" starttime="20211126 09:12:35.262" endtime="20211126 09:12:35.282"/>
</kw>
<kw name="Fill Text" library="Browser">
<arg>${username_input}</arg>
<arg>${USER.username}</arg>
<tag>PageContent</tag>
<tag>Setter</tag>
<doc>Clears and fills the given ``text`` into the text field found by ``selector``.</doc>
<msg timestamp="20211126 09:12:35.285" level="INFO">Fills the text 'standard_user' in the given field.</msg>
<status status="PASS" starttime="20211126 09:12:35.283" endtime="20211126 09:12:36.347"/>
</kw>
<kw name="Fill Text" library="Browser">
<arg>${password_input}</arg>
<arg>${USER.password}</arg>
<tag>PageContent</tag>
<tag>Setter</tag>
<doc>Clears and fills the given ``text`` into the text field found by ``selector``.</doc>
<msg timestamp="20211126 09:12:36.349" level="INFO">Fills the text 'secret_sauce' in the given field.</msg>
<status status="PASS" starttime="20211126 09:12:36.347" endtime="20211126 09:12:37.394"/>
</kw>
<kw name="Click" library="Browser">
<arg>${submit_button}</arg>
<tag>PageContent</tag>
<tag>Setter</tag>
<doc>Simulates mouse click on the element found by ``selector``.</doc>
<status status="PASS" starttime="20211126 09:12:37.395" endtime="20211126 09:12:38.586"/>
</kw>
<status status="PASS" starttime="20211126 09:12:35.261" endtime="20211126 09:12:38.587"/>
</kw>
<kw name="Wait For Elements State" library="Browser">
<arg>${dashboard_logo}</arg>
<arg>visible</arg>
<arg>10</arg>
<tag>PageContent</tag>
<tag>Wait</tag>
<doc>Waits for the element found by ``selector`` to satisfy state option.</doc>
<msg timestamp="20211126 09:12:38.599" level="INFO">Wait for Element with selector: xpath=//*[@class='app_logo']</msg>
<status status="PASS" starttime="20211126 09:12:38.587" endtime="20211126 09:12:38.599"/>
</kw>
<status status="PASS" starttime="20211126 09:12:35.259" endtime="20211126 09:12:38.599"/>
</kw>
<kw name="Order Success" library="WebApp">
<kw name="Search" library="Product">
<kw name="Wait For Elements State" library="Browser">
<arg>${sort_select}</arg>
<arg>visible</arg>
<arg>10</arg>
<tag>PageContent</tag>
<tag>Wait</tag>
<doc>Waits for the element found by ``selector`` to satisfy state option.</doc>
<msg timestamp="20211126 09:12:38.611" level="INFO">Wait for Element with selector: data-test=product_sort_container</msg>
<status status="PASS" starttime="20211126 09:12:38.601" endtime="20211126 09:12:38.611"/>
</kw>
<kw name="Click" library="Browser">
<arg>${sort_select}</arg>
<tag>PageContent</tag>
<tag>Setter</tag>
<doc>Simulates mouse click on the element found by ``selector``.</doc>
<status status="PASS" starttime="20211126 09:12:38.611" endtime="20211126 09:12:39.680"/>
</kw>
<kw name="Select Options By" library="Browser">
<arg>${sort_price_select}</arg>
<arg>value</arg>
<arg>${sort_aux}</arg>
<tag>PageContent</tag>
<tag>Setter</tag>
<doc>Selects options from select element found by ``selector``.</doc>
<status status="PASS" starttime="20211126 09:12:39.680" endtime="20211126 09:12:40.732"/>
</kw>
<kw name="Wait For Elements State" library="Browser">
<arg>${product_labsonesie_button}</arg>
<arg>visible</arg>
<arg>10</arg>
<tag>PageContent</tag>
<tag>Wait</tag>
<doc>Waits for the element found by ``selector`` to satisfy state option.</doc>
<msg timestamp="20211126 09:12:40.741" level="INFO">Wait for Element with selector: data-test=add-to-cart-sauce-labs-onesie</msg>
<status status="PASS" starttime="20211126 09:12:40.732" endtime="20211126 09:12:40.742"/>
</kw>
<kw name="Click" library="Browser">
<arg>${product_labsonesie_button}</arg>
<tag>PageContent</tag>
<tag>Setter</tag>
<doc>Simulates mouse click on the element found by ``selector``.</doc>
<status status="PASS" starttime="20211126 09:12:40.742" endtime="20211126 09:12:41.790"/>
</kw>
<kw name="Wait For Elements State" library="Browser">
<arg>${product_tshirt_button}</arg>
<arg>visible</arg>
<arg>10</arg>
<tag>PageContent</tag>
<tag>Wait</tag>
<doc>Waits for the element found by ``selector`` to satisfy state option.</doc>
<msg timestamp="20211126 09:12:41.822" level="INFO">Wait for Element with selector: data-test=add-to-cart-test.allthethings()-t-shirt-(red)</msg>
<status status="PASS" starttime="20211126 09:12:41.791" endtime="20211126 09:12:41.823"/>
</kw>
<kw name="Click" library="Browser">
<arg>${product_tshirt_button}</arg>
<tag>PageContent</tag>
<tag>Setter</tag>
<doc>Simulates mouse click on the element found by ``selector``.</doc>
<status status="PASS" starttime="20211126 09:12:41.823" endtime="20211126 09:12:42.881"/>
</kw>
<kw name="Wait For Elements State" library="Browser">
<arg>${remove_labsonesie_button}</arg>
<arg>visible</arg>
<arg>10</arg>
<tag>PageContent</tag>
<tag>Wait</tag>
<doc>Waits for the element found by ``selector`` to satisfy state option.</doc>
<msg timestamp="20211126 09:12:42.912" level="INFO">Wait for Element with selector: data-test=remove-sauce-labs-onesie</msg>
<status status="PASS" starttime="20211126 09:12:42.881" endtime="20211126 09:12:42.912"/>
</kw>
<kw name="Wait For Elements State" library="Browser">
<arg>${remove_tshirt_button}</arg>
<arg>visible</arg>
<arg>10</arg>
<tag>PageContent</tag>
<tag>Wait</tag>
<doc>Waits for the element found by ``selector`` to satisfy state option.</doc>
<msg timestamp="20211126 09:12:42.929" level="INFO">Wait for Element with selector: data-test=remove-test.allthethings()-t-shirt-(red)</msg>
<status status="PASS" starttime="20211126 09:12:42.913" endtime="20211126 09:12:42.929"/>
</kw>
<status status="PASS" starttime="20211126 09:12:38.600" endtime="20211126 09:12:42.930"/>
</kw>
<kw name="Finish Order" library="Product">
<kw name="Wait For Elements State" library="Browser">
<arg>${cart_icon}</arg>
<arg>visible</arg>
<arg>10</arg>
<tag>PageContent</tag>
<tag>Wait</tag>
<doc>Waits for the element found by ``selector`` to satisfy state option.</doc>
<msg timestamp="20211126 09:12:42.946" level="INFO">Wait for Element with selector: id=shopping_cart_container</msg>
<status status="PASS" starttime="20211126 09:12:42.931" endtime="20211126 09:12:42.946"/>
</kw>
<kw name="Click" library="Browser">
<arg>${cart_icon}</arg>
<tag>PageContent</tag>
<tag>Setter</tag>
<doc>Simulates mouse click on the element found by ``selector``.</doc>
<status status="PASS" starttime="20211126 09:12:42.946" endtime="20211126 09:12:44.013"/>
</kw>
<kw name="Get Text" library="Browser">
<arg>${product_labsonesie_title}</arg>
<arg>contains</arg>
<arg>${product_labsonesie_aux}</arg>
<tag>Assertion</tag>
<tag>Getter</tag>
<tag>PageContent</tag>
<doc>Returns text attribute of the element found by ``selector``.
See the `Finding elements` section for details about the selectors.</doc>
<status status="PASS" starttime="20211126 09:12:44.013" endtime="20211126 09:12:44.069"/>
</kw>
<kw name="Get Text" library="Browser">
<arg>${product_tshirt_title}</arg>
<arg>contains</arg>
<arg>${product_t-shirt_aux}</arg>
<tag>Assertion</tag>
<tag>Getter</tag>
<tag>PageContent</tag>
<doc>Returns text attribute of the element found by ``selector``.
See the `Finding elements` section for details about the selectors.</doc>
<status status="PASS" starttime="20211126 09:12:44.069" endtime="20211126 09:12:44.090"/>
</kw>
<kw name="Wait For Elements State" library="Browser">
<arg>${checkout_button}</arg>
<arg>visible</arg>
<arg>10</arg>
<tag>PageContent</tag>
<tag>Wait</tag>
<doc>Waits for the element found by ``selector`` to satisfy state option.</doc>
<msg timestamp="20211126 09:12:44.098" level="INFO">Wait for Element with selector: data-test=checkout</msg>
<status status="PASS" starttime="20211126 09:12:44.090" endtime="20211126 09:12:44.098"/>
</kw>
<kw name="Click" library="Browser">
<arg>${checkout_button}</arg>
<tag>PageContent</tag>
<tag>Setter</tag>
<doc>Simulates mouse click on the element found by ``selector``.</doc>
<status status="PASS" starttime="20211126 09:12:44.098" endtime="20211126 09:12:45.149"/>
</kw>
<kw name="Wait For Elements State" library="Browser">
<arg>${first_name_input}</arg>
<arg>visible</arg>
<arg>10</arg>
<tag>PageContent</tag>
<tag>Wait</tag>
<doc>Waits for the element found by ``selector`` to satisfy state option.</doc>
<msg timestamp="20211126 09:12:45.178" level="INFO">Wait for Element with selector: data-test=firstName</msg>
<status status="PASS" starttime="20211126 09:12:45.149" endtime="20211126 09:12:45.178"/>
</kw>
<kw name="Fill Text" library="Browser">
<arg>${first_name_input}</arg>
<arg>${first_name_aux}</arg>
<tag>PageContent</tag>
<tag>Setter</tag>
<doc>Clears and fills the given ``text`` into the text field found by ``selector``.</doc>
<msg timestamp="20211126 09:12:45.180" level="INFO">Fills the text 'Teste' in the given field.</msg>
<status status="PASS" starttime="20211126 09:12:45.179" endtime="20211126 09:12:46.223"/>
</kw>
<kw name="Wait For Elements State" library="Browser">
<arg>${last_name_input}</arg>
<arg>visible</arg>
<arg>10</arg>
<tag>PageContent</tag>
<tag>Wait</tag>
<doc>Waits for the element found by ``selector`` to satisfy state option.</doc>
<msg timestamp="20211126 09:12:46.231" level="INFO">Wait for Element with selector: data-test=lastName</msg>
<status status="PASS" starttime="20211126 09:12:46.223" endtime="20211126 09:12:46.232"/>
</kw>
<kw name="Fill Text" library="Browser">
<arg>${last_name_input}</arg>
<arg>${last_name_aux}</arg>
<tag>PageContent</tag>
<tag>Setter</tag>
<doc>Clears and fills the given ``text`` into the text field found by ``selector``.</doc>
<msg timestamp="20211126 09:12:46.232" level="INFO">Fills the text 'Automatizado' in the given field.</msg>
<status status="PASS" starttime="20211126 09:12:46.232" endtime="20211126 09:12:47.253"/>
</kw>
<kw name="Wait For Elements State" library="Browser">
<arg>${postal_code_input}</arg>
<arg>visible</arg>
<arg>10</arg>
<tag>PageContent</tag>
<tag>Wait</tag>
<doc>Waits for the element found by ``selector`` to satisfy state option.</doc>
<msg timestamp="20211126 09:12:47.280" level="INFO">Wait for Element with selector: data-test=postalCode</msg>
<status status="PASS" starttime="20211126 09:12:47.254" endtime="20211126 09:12:47.281"/>
</kw>
<kw name="Fill Text" library="Browser">
<arg>${postal_code_input}</arg>
<arg>${postal_code_aux}</arg>
<tag>PageContent</tag>
<tag>Setter</tag>
<doc>Clears and fills the given ``text`` into the text field found by ``selector``.</doc>
<msg timestamp="20211126 09:12:47.283" level="INFO">Fills the text '59275000' in the given field.</msg>
<status status="PASS" starttime="20211126 09:12:47.282" endtime="20211126 09:12:48.326"/>
</kw>
<kw name="Wait For Elements State" library="Browser">
<arg>${continue_button}</arg>
<arg>visible</arg>
<arg>10</arg>
<tag>PageContent</tag>
<tag>Wait</tag>
<doc>Waits for the element found by ``selector`` to satisfy state option.</doc>
<msg timestamp="20211126 09:12:48.353" level="INFO">Wait for Element with selector: data-test=continue</msg>
<status status="PASS" starttime="20211126 09:12:48.327" endtime="20211126 09:12:48.353"/>
</kw>
<kw name="Click" library="Browser">
<arg>${continue_button}</arg>
<tag>PageContent</tag>
<tag>Setter</tag>
<doc>Simulates mouse click on the element found by ``selector``.</doc>
<status status="PASS" starttime="20211126 09:12:48.354" endtime="20211126 09:12:49.473"/>
</kw>
<kw name="Get Text" library="Browser">
<arg>${product_labsonesie_title}</arg>
<arg>contains</arg>
<arg>${product_labsonesie_aux}</arg>
<tag>Assertion</tag>
<tag>Getter</tag>
<tag>PageContent</tag>
<doc>Returns text attribute of the element found by ``selector``.
See the `Finding elements` section for details about the selectors.</doc>
<status status="PASS" starttime="20211126 09:12:49.474" endtime="20211126 09:12:49.486"/>
</kw>
<kw name="Get Text" library="Browser">
<arg>${product_tshirt_title}</arg>
<arg>contains</arg>
<arg>${product_t-shirt_aux}</arg>
<tag>Assertion</tag>
<tag>Getter</tag>
<tag>PageContent</tag>
<doc>Returns text attribute of the element found by ``selector``.
See the `Finding elements` section for details about the selectors.</doc>
<status status="PASS" starttime="20211126 09:12:49.486" endtime="20211126 09:12:49.499"/>
</kw>
<kw name="Wait For Elements State" library="Browser">
<arg>${finish_button}</arg>
<arg>visible</arg>
<arg>10</arg>
<tag>PageContent</tag>
<tag>Wait</tag>
<doc>Waits for the element found by ``selector`` to satisfy state option.</doc>
<msg timestamp="20211126 09:12:49.506" level="INFO">Wait for Element with selector: data-test=finish</msg>
<status status="PASS" starttime="20211126 09:12:49.499" endtime="20211126 09:12:49.506"/>
</kw>
<kw name="Click" library="Browser">
<arg>${finish_button}</arg>
<tag>PageContent</tag>
<tag>Setter</tag>
<doc>Simulates mouse click on the element found by ``selector``.</doc>
<status status="PASS" starttime="20211126 09:12:49.506" endtime="20211126 09:12:50.546"/>
</kw>
<kw name="Wait For Elements State" library="Browser">
<arg>${logo_finish}</arg>
<arg>visible</arg>
<arg>10</arg>
<tag>PageContent</tag>
<tag>Wait</tag>
<doc>Waits for the element found by ``selector`` to satisfy state option.</doc>
<msg timestamp="20211126 09:12:50.575" level="INFO">Wait for Element with selector: css=img[src="/static/media/pony-express.46394a5d.png"]</msg>
<status status="PASS" starttime="20211126 09:12:50.547" endtime="20211126 09:12:50.575"/>
</kw>
<status status="PASS" starttime="20211126 09:12:42.930" endtime="20211126 09:12:50.576"/>
</kw>
<status status="PASS" starttime="20211126 09:12:38.600" endtime="20211126 09:12:50.576"/>
</kw>
<status status="PASS" starttime="20211126 09:12:32.805" endtime="20211126 09:12:50.578"/>
</test>
<status status="PASS" starttime="20211126 09:12:31.857" endtime="20211126 09:12:50.678"/>
</suite>
<statistics>
<total>
<stat pass="1" fail="0" skip="0">All Tests</stat>
</total>
<tag>
</tag>
<suite>
<stat pass="1" fail="0" skip="0" id="s1" name="Web">Web</stat>
</suite>
</statistics>
<errors>
</errors>
</robot>
