<?xml version="1.0" encoding="UTF-8"?>
<robot generator="Robot 4.0.3 (Python 3.9.5 on win32)" generated="20211126 11:36:43.847" rpa="false" schemaversion="2">
<suite id="s1" name="Web" source="C:\Robot_Framework\E-commerce\tests\Web.robot">
<test id="s1-t1" name="Finish Order Success">
<kw name="Begin Web Test" library="Common" type="SETUP">
<kw name="New Browser" library="Browser">
<arg>${BROWSER_CHROMIUM}</arg>
<arg>headless=false</arg>
<tag>BrowserControl</tag>
<tag>Setter</tag>
<doc>Create a new playwright Browser with specified options.
See `Browser, Context and Page` for more information about Browser and related concepts.</doc>
<msg timestamp="20211126 11:36:44.866" level="INFO">{"browser": "chromium", "headless": false, "handleSIGINT": true, "handleSIGTERM": true, "handleSIGHUP": true, "timeout": 30000.0, "devtools": false, "slowMo": 0.0, "tracesDir": "C:\\Robot_Framework\\E-commerce\\results\\browser\\traces\\e888dfb2-7bee-4f16-ac97-c42b4afdcadb"}</msg>
<msg timestamp="20211126 11:36:45.701" level="INFO">Successfully created browser with options: {"browser":"chromium","headless":false,"handleSIGINT":true,"handleSIGTERM":true,"handleSIGHUP":true,"timeout":30000,"devtools":false,"slowMo":0,"tracesDir":"C:\\Robot_Framework\\E-commerce\\results\\browser\\traces\\e888dfb2-7bee-4f16-ac97-c42b4afdcadb"}</msg>
<status status="PASS" starttime="20211126 11:36:44.865" endtime="20211126 11:36:45.701"/>
</kw>
<kw name="New Context" library="Browser">
<arg>viewport={'width': 1366, 'height': 768}</arg>
<tag>BrowserControl</tag>
<tag>Setter</tag>
<doc>Create a new BrowserContext with specified options.
See `Browser, Context and Page` for more information about BrowserContext.</doc>
<msg timestamp="20211126 11:36:45.703" level="INFO">{"acceptDownloads": false, "ignoreHTTPSErrors": false, "bypassCSP": false, "viewport": {"height": 768, "width": 1366}, "deviceScaleFactor": 1.0, "isMobile": false, "hasTouch": false, "javaScriptEnabled": true, "offline": false, "hideRfBrowser": false}</msg>
<msg timestamp="20211126 11:36:45.716" level="INFO">Successfully created context. </msg>
<msg timestamp="20211126 11:36:45.716" level="INFO">{'acceptDownloads': False, 'ignoreHTTPSErrors': False, 'bypassCSP': False, 'viewport': {'height': 768, 'width': 1366}, 'deviceScaleFactor': 1, 'isMobile': False, 'hasTouch': False, 'javaScriptEnabled': True, 'offline': False, 'hideRfBrowser': False}</msg>
<msg timestamp="20211126 11:36:45.717" level="INFO">{"acceptDownloads":false,"ignoreHTTPSErrors":false,"bypassCSP":false,"viewport":{"height":768,"width":1366},"deviceScaleFactor":1,"isMobile":false,"hasTouch":false,"javaScriptEnabled":true,"offline":false,"hideRfBrowser":false}</msg>
<status status="PASS" starttime="20211126 11:36:45.702" endtime="20211126 11:36:45.717"/>
</kw>
<kw name="New Page" library="Browser">
<arg>${LOGIN URL}</arg>
<tag>BrowserControl</tag>
<tag>Setter</tag>
<doc>Open a new Page. A Page is the Playwright equivalent to a tab.
See `Browser, Context and Page` for more information about Page concept.
Returns a stable identifier for the created page.</doc>
<msg timestamp="20211126 11:36:46.259" level="INFO">Successfully initialized new page object and opened url: https://www.saucedemo.com/</msg>
<status status="PASS" starttime="20211126 11:36:45.717" endtime="20211126 11:36:46.259"/>
</kw>
<kw name="Wait For Elements State" library="Browser">
<arg>css=div[class='bot_column']</arg>
<arg>visible</arg>
<arg>10</arg>
<tag>PageContent</tag>
<tag>Wait</tag>
<doc>Waits for the element found by ``selector`` to satisfy state option.</doc>
<msg timestamp="20211126 11:36:46.307" level="INFO">Wait for Element with selector: css=div[class='bot_column']</msg>
<status status="PASS" starttime="20211126 11:36:46.260" endtime="20211126 11:36:46.308"/>
</kw>
<status status="PASS" starttime="20211126 11:36:44.864" endtime="20211126 11:36:46.308"/>
</kw>
<kw name="Login Success" library="Login">
<arg>&amp;{USER VALID}</arg>
<kw name="Enter username and Password" library="Login">
<arg>&amp;{USER VALID}</arg>
<kw name="Wait For Elements State" library="Browser">
<arg>${company_logo}</arg>
<arg>visible</arg>
<tag>PageContent</tag>
<tag>Wait</tag>
<doc>Waits for the element found by ``selector`` to satisfy state option.</doc>
<msg timestamp="20211126 11:36:46.328" level="INFO">Wait for Element with selector: xpath=//*[@class='login_logo']</msg>
<status status="PASS" starttime="20211126 11:36:46.310" endtime="20211126 11:36:46.329"/>
</kw>
<kw name="Fill Text" library="Browser">
<arg>${username_input}</arg>
<arg>${USER.username}</arg>
<tag>PageContent</tag>
<tag>Setter</tag>
<doc>Clears and fills the given ``text`` into the text field found by ``selector``.</doc>
<msg timestamp="20211126 11:36:46.331" level="INFO">Fills the text 'standard_user' in the given field.</msg>
<status status="PASS" starttime="20211126 11:36:46.329" endtime="20211126 11:36:46.356"/>
</kw>
<kw name="Fill Text" library="Browser">
<arg>${password_input}</arg>
<arg>${USER.password}</arg>
<tag>PageContent</tag>
<tag>Setter</tag>
<doc>Clears and fills the given ``text`` into the text field found by ``selector``.</doc>
<msg timestamp="20211126 11:36:46.357" level="INFO">Fills the text 'secret_sauce' in the given field.</msg>
<status status="PASS" starttime="20211126 11:36:46.356" endtime="20211126 11:36:46.375"/>
</kw>
<kw name="Click" library="Browser">
<arg>${submit_button}</arg>
<tag>PageContent</tag>
<tag>Setter</tag>
<doc>Simulates mouse click on the element found by ``selector``.</doc>
<status status="PASS" starttime="20211126 11:36:46.375" endtime="20211126 11:36:46.536"/>
</kw>
<status status="PASS" starttime="20211126 11:36:46.309" endtime="20211126 11:36:46.537"/>
</kw>
<kw name="Wait For Elements State" library="Browser">
<arg>${dashboard_logo}</arg>
<arg>visible</arg>
<arg>10</arg>
<tag>PageContent</tag>
<tag>Wait</tag>
<doc>Waits for the element found by ``selector`` to satisfy state option.</doc>
<msg timestamp="20211126 11:36:46.569" level="INFO">Wait for Element with selector: xpath=//*[@class='app_logo']</msg>
<status status="PASS" starttime="20211126 11:36:46.537" endtime="20211126 11:36:46.569"/>
</kw>
<status status="PASS" starttime="20211126 11:36:46.308" endtime="20211126 11:36:46.570"/>
</kw>
<kw name="Order Success" library="WebApp">
<kw name="Search" library="Product">
<kw name="Wait For Elements State" library="Browser">
<arg>${sort_select}</arg>
<arg>visible</arg>
<arg>10</arg>
<tag>PageContent</tag>
<tag>Wait</tag>
<doc>Waits for the element found by ``selector`` to satisfy state option.</doc>
<msg timestamp="20211126 11:36:46.591" level="INFO">Wait for Element with selector: data-test=product_sort_container</msg>
<status status="PASS" starttime="20211126 11:36:46.571" endtime="20211126 11:36:46.591"/>
</kw>
<kw name="Click" library="Browser">
<arg>${sort_select}</arg>
<tag>PageContent</tag>
<tag>Setter</tag>
<doc>Simulates mouse click on the element found by ``selector``.</doc>
<status status="PASS" starttime="20211126 11:36:46.591" endtime="20211126 11:36:46.688"/>
</kw>
<kw name="Select Options By" library="Browser">
<arg>${sort_price_select}</arg>
<arg>value</arg>
<arg>${sort_aux}</arg>
<tag>PageContent</tag>
<tag>Setter</tag>
<doc>Selects options from select element found by ``selector``.</doc>
<status status="PASS" starttime="20211126 11:36:46.688" endtime="20211126 11:36:46.816"/>
</kw>
<kw name="Wait For Elements State" library="Browser">
<arg>${product_labsonesie_button}</arg>
<arg>visible</arg>
<arg>10</arg>
<tag>PageContent</tag>
<tag>Wait</tag>
<doc>Waits for the element found by ``selector`` to satisfy state option.</doc>
<msg timestamp="20211126 11:36:46.829" level="INFO">Wait for Element with selector: data-test=add-to-cart-sauce-labs-onesie</msg>
<status status="PASS" starttime="20211126 11:36:46.816" endtime="20211126 11:36:46.829"/>
</kw>
<kw name="Click" library="Browser">
<arg>${product_labsonesie_button}</arg>
<tag>PageContent</tag>
<tag>Setter</tag>
<doc>Simulates mouse click on the element found by ``selector``.</doc>
<status status="PASS" starttime="20211126 11:36:46.829" endtime="20211126 11:36:46.877"/>
</kw>
<kw name="Wait For Elements State" library="Browser">
<arg>${product_tshirt_button}</arg>
<arg>visible</arg>
<arg>10</arg>
<tag>PageContent</tag>
<tag>Wait</tag>
<doc>Waits for the element found by ``selector`` to satisfy state option.</doc>
<msg timestamp="20211126 11:36:46.890" level="INFO">Wait for Element with selector: data-test=add-to-cart-test.allthethings()-t-shirt-(red)</msg>
<status status="PASS" starttime="20211126 11:36:46.878" endtime="20211126 11:36:46.890"/>
</kw>
<kw name="Click" library="Browser">
<arg>${product_tshirt_button}</arg>
<tag>PageContent</tag>
<tag>Setter</tag>
<doc>Simulates mouse click on the element found by ``selector``.</doc>
<status status="PASS" starttime="20211126 11:36:46.891" endtime="20211126 11:36:46.924"/>
</kw>
<kw name="Wait For Elements State" library="Browser">
<arg>${remove_labsonesie_button}</arg>
<arg>visible</arg>
<arg>10</arg>
<tag>PageContent</tag>
<tag>Wait</tag>
<doc>Waits for the element found by ``selector`` to satisfy state option.</doc>
<msg timestamp="20211126 11:36:46.935" level="INFO">Wait for Element with selector: data-test=remove-sauce-labs-onesie</msg>
<status status="PASS" starttime="20211126 11:36:46.925" endtime="20211126 11:36:46.935"/>
</kw>
<kw name="Wait For Elements State" library="Browser">
<arg>${remove_tshirt_button}</arg>
<arg>visible</arg>
<arg>10</arg>
<tag>PageContent</tag>
<tag>Wait</tag>
<doc>Waits for the element found by ``selector`` to satisfy state option.</doc>
<msg timestamp="20211126 11:36:46.943" level="INFO">Wait for Element with selector: data-test=remove-test.allthethings()-t-shirt-(red)</msg>
<status status="PASS" starttime="20211126 11:36:46.935" endtime="20211126 11:36:46.944"/>
</kw>
<kw name="Get Text" library="Browser">
<arg>${cart_counter}</arg>
<arg>contains</arg>
<arg>${number_products_aux}</arg>
<tag>Assertion</tag>
<tag>Getter</tag>
<tag>PageContent</tag>
<doc>Returns text attribute of the element found by ``selector``.
See the `Finding elements` section for details about the selectors.</doc>
<status status="PASS" starttime="20211126 11:36:46.944" endtime="20211126 11:36:46.961"/>
</kw>
<status status="PASS" starttime="20211126 11:36:46.571" endtime="20211126 11:36:46.961"/>
</kw>
<kw name="Finish Order" library="Product">
<kw name="Wait For Elements State" library="Browser">
<arg>${cart_icon}</arg>
<arg>visible</arg>
<arg>10</arg>
<tag>PageContent</tag>
<tag>Wait</tag>
<doc>Waits for the element found by ``selector`` to satisfy state option.</doc>
<msg timestamp="20211126 11:36:46.970" level="INFO">Wait for Element with selector: id=shopping_cart_container</msg>
<status status="PASS" starttime="20211126 11:36:46.962" endtime="20211126 11:36:46.971"/>
</kw>
<kw name="Click" library="Browser">
<arg>${cart_icon}</arg>
<tag>PageContent</tag>
<tag>Setter</tag>
<doc>Simulates mouse click on the element found by ``selector``.</doc>
<status status="PASS" starttime="20211126 11:36:46.971" endtime="20211126 11:36:47.028"/>
</kw>
<kw name="Get Text" library="Browser">
<arg>${product_labsonesie_title}</arg>
<arg>contains</arg>
<arg>${product_labsonesie_aux}</arg>
<tag>Assertion</tag>
<tag>Getter</tag>
<tag>PageContent</tag>
<doc>Returns text attribute of the element found by ``selector``.
See the `Finding elements` section for details about the selectors.</doc>
<status status="PASS" starttime="20211126 11:36:47.028" endtime="20211126 11:36:47.052"/>
</kw>
<kw name="Get Text" library="Browser">
<arg>${product_tshirt_title}</arg>
<arg>contains</arg>
<arg>${product_t-shirt_aux}</arg>
<tag>Assertion</tag>
<tag>Getter</tag>
<tag>PageContent</tag>
<doc>Returns text attribute of the element found by ``selector``.
See the `Finding elements` section for details about the selectors.</doc>
<status status="PASS" starttime="20211126 11:36:47.053" endtime="20211126 11:36:47.066"/>
</kw>
<kw name="Wait For Elements State" library="Browser">
<arg>${checkout_button}</arg>
<arg>visible</arg>
<arg>10</arg>
<tag>PageContent</tag>
<tag>Wait</tag>
<doc>Waits for the element found by ``selector`` to satisfy state option.</doc>
<msg timestamp="20211126 11:36:47.074" level="INFO">Wait for Element with selector: data-test=checkout</msg>
<status status="PASS" starttime="20211126 11:36:47.067" endtime="20211126 11:36:47.074"/>
</kw>
<kw name="Click" library="Browser">
<arg>${checkout_button}</arg>
<tag>PageContent</tag>
<tag>Setter</tag>
<doc>Simulates mouse click on the element found by ``selector``.</doc>
<status status="PASS" starttime="20211126 11:36:47.074" endtime="20211126 11:36:47.119"/>
</kw>
<kw name="Wait For Elements State" library="Browser">
<arg>${first_name_input}</arg>
<arg>visible</arg>
<arg>10</arg>
<tag>PageContent</tag>
<tag>Wait</tag>
<doc>Waits for the element found by ``selector`` to satisfy state option.</doc>
<msg timestamp="20211126 11:36:47.129" level="INFO">Wait for Element with selector: data-test=firstName</msg>
<status status="PASS" starttime="20211126 11:36:47.119" endtime="20211126 11:36:47.129"/>
</kw>
<kw name="Fill Text" library="Browser">
<arg>${first_name_input}</arg>
<arg>${first_name_aux}</arg>
<tag>PageContent</tag>
<tag>Setter</tag>
<doc>Clears and fills the given ``text`` into the text field found by ``selector``.</doc>
<msg timestamp="20211126 11:36:47.130" level="INFO">Fills the text 'Teste' in the given field.</msg>
<status status="PASS" starttime="20211126 11:36:47.130" endtime="20211126 11:36:47.151"/>
</kw>
<kw name="Wait For Elements State" library="Browser">
<arg>${last_name_input}</arg>
<arg>visible</arg>
<arg>10</arg>
<tag>PageContent</tag>
<tag>Wait</tag>
<doc>Waits for the element found by ``selector`` to satisfy state option.</doc>
<msg timestamp="20211126 11:36:47.159" level="INFO">Wait for Element with selector: data-test=lastName</msg>
<status status="PASS" starttime="20211126 11:36:47.151" endtime="20211126 11:36:47.159"/>
</kw>
<kw name="Fill Text" library="Browser">
<arg>${last_name_input}</arg>
<arg>${last_name_aux}</arg>
<tag>PageContent</tag>
<tag>Setter</tag>
<doc>Clears and fills the given ``text`` into the text field found by ``selector``.</doc>
<msg timestamp="20211126 11:36:47.159" level="INFO">Fills the text 'Automatizado' in the given field.</msg>
<status status="PASS" starttime="20211126 11:36:47.159" endtime="20211126 11:36:47.178"/>
</kw>
<kw name="Wait For Elements State" library="Browser">
<arg>${postal_code_input}</arg>
<arg>visible</arg>
<arg>10</arg>
<tag>PageContent</tag>
<tag>Wait</tag>
<doc>Waits for the element found by ``selector`` to satisfy state option.</doc>
<msg timestamp="20211126 11:36:47.190" level="INFO">Wait for Element with selector: data-test=postalCode</msg>
<status status="PASS" starttime="20211126 11:36:47.178" endtime="20211126 11:36:47.191"/>
</kw>
<kw name="Fill Text" library="Browser">
<arg>${postal_code_input}</arg>
<arg>${postal_code_aux}</arg>
<tag>PageContent</tag>
<tag>Setter</tag>
<doc>Clears and fills the given ``text`` into the text field found by ``selector``.</doc>
<msg timestamp="20211126 11:36:47.191" level="INFO">Fills the text '59275000' in the given field.</msg>
<status status="PASS" starttime="20211126 11:36:47.191" endtime="20211126 11:36:47.210"/>
</kw>
<kw name="Wait For Elements State" library="Browser">
<arg>${continue_button}</arg>
<arg>visible</arg>
<arg>10</arg>
<tag>PageContent</tag>
<tag>Wait</tag>
<doc>Waits for the element found by ``selector`` to satisfy state option.</doc>
<msg timestamp="20211126 11:36:47.220" level="INFO">Wait for Element with selector: data-test=continue</msg>
<status status="PASS" starttime="20211126 11:36:47.210" endtime="20211126 11:36:47.220"/>
</kw>
<kw name="Click" library="Browser">
<arg>${continue_button}</arg>
<tag>PageContent</tag>
<tag>Setter</tag>
<doc>Simulates mouse click on the element found by ``selector``.</doc>
<status status="PASS" starttime="20211126 11:36:47.220" endtime="20211126 11:36:47.276"/>
</kw>
<kw name="Get Text" library="Browser">
<arg>${product_labsonesie_title}</arg>
<arg>contains</arg>
<arg>${product_labsonesie_aux}</arg>
<tag>Assertion</tag>
<tag>Getter</tag>
<tag>PageContent</tag>
<doc>Returns text attribute of the element found by ``selector``.
See the `Finding elements` section for details about the selectors.</doc>
<status status="PASS" starttime="20211126 11:36:47.276" endtime="20211126 11:36:47.293"/>
</kw>
<kw name="Get Text" library="Browser">
<arg>${product_tshirt_title}</arg>
<arg>contains</arg>
<arg>${product_t-shirt_aux}</arg>
<tag>Assertion</tag>
<tag>Getter</tag>
<tag>PageContent</tag>
<doc>Returns text attribute of the element found by ``selector``.
See the `Finding elements` section for details about the selectors.</doc>
<status status="PASS" starttime="20211126 11:36:47.293" endtime="20211126 11:36:47.310"/>
</kw>
<kw name="Wait For Elements State" library="Browser">
<arg>${finish_button}</arg>
<arg>visible</arg>
<arg>10</arg>
<tag>PageContent</tag>
<tag>Wait</tag>
<doc>Waits for the element found by ``selector`` to satisfy state option.</doc>
<msg timestamp="20211126 11:36:47.318" level="INFO">Wait for Element with selector: data-test=finish</msg>
<status status="PASS" starttime="20211126 11:36:47.310" endtime="20211126 11:36:47.318"/>
</kw>
<kw name="Click" library="Browser">
<arg>${finish_button}</arg>
<tag>PageContent</tag>
<tag>Setter</tag>
<doc>Simulates mouse click on the element found by ``selector``.</doc>
<status status="PASS" starttime="20211126 11:36:47.318" endtime="20211126 11:36:47.369"/>
</kw>
<kw name="Wait For Elements State" library="Browser">
<arg>${logo_finish}</arg>
<arg>visible</arg>
<arg>10</arg>
<tag>PageContent</tag>
<tag>Wait</tag>
<doc>Waits for the element found by ``selector`` to satisfy state option.</doc>
<msg timestamp="20211126 11:36:47.379" level="INFO">Wait for Element with selector: css=img[src="/static/media/pony-express.46394a5d.png"]</msg>
<status status="PASS" starttime="20211126 11:36:47.369" endtime="20211126 11:36:47.379"/>
</kw>
<status status="PASS" starttime="20211126 11:36:46.961" endtime="20211126 11:36:47.380"/>
</kw>
<status status="PASS" starttime="20211126 11:36:46.570" endtime="20211126 11:36:47.380"/>
</kw>
<status status="PASS" starttime="20211126 11:36:44.861" endtime="20211126 11:36:47.381"/>
</test>
<status status="PASS" starttime="20211126 11:36:43.849" endtime="20211126 11:36:47.451"/>
</suite>
<statistics>
<total>
<stat pass="1" fail="0" skip="0">All Tests</stat>
</total>
<tag>
</tag>
<suite>
<stat pass="1" fail="0" skip="0" id="s1" name="Web">Web</stat>
</suite>
</statistics>
<errors>
</errors>
</robot>
